# JRE version: Java(TM) SE Runtime Environment (7.0_80-b15) (build 1.7.0_80-b15)
# Java VM: Java HotSpot(TM) 64-Bit Server VM (24.80-b11 mixed mode bsd-amd64 compressed oops)
Heap
 PSYoungGen      total 142848K, used 32083K [0x00000007aaa80000, 0x00000007bd180000, 0x0000000800000000)
  eden space 132096K, 16% used [0x00000007aaa80000,0x00000007abf58978,0x00000007b2b80000)
  from space 10752K, 99% used [0x00000007b2b80000,0x00000007b35fc300,0x00000007b3600000)
  to   space 18944K, 0% used [0x00000007bbf00000,0x00000007bbf00000,0x00000007bd180000)
 ParOldGen       total 174592K, used 8976K [0x0000000700000000, 0x000000070aa80000, 0x00000007aaa80000)
  object space 174592K, 5% used [0x0000000700000000,0x00000007008c43d8,0x000000070aa80000)
 PSPermGen       total 29696K, used 29385K [0x00000006fae00000, 0x00000006fcb00000, 0x0000000700000000)
  object space 29696K, 98% used [0x00000006fae00000,0x00000006fcab2548,0x00000006fcb00000)
GC Heap History (10 events):
Event: 1.873 GC heap before
{Heap before GC invocations=1 (full 0):
 PSYoungGen      total 76800K, used 66048K [0x00000007aaa80000, 0x00000007b0000000, 0x0000000800000000)
  eden space 66048K, 100% used [0x00000007aaa80000,0x00000007aeb00000,0x00000007aeb00000)
  from space 10752K, 0% used [0x00000007af580000,0x00000007af580000,0x00000007b0000000)
  to   space 10752K, 0% used [0x00000007aeb00000,0x00000007aeb00000,0x00000007af580000)
 ParOldGen       total 174592K, used 0K [0x0000000700000000, 0x000000070aa80000, 0x00000007aaa80000)
  object space 174592K, 0% used [0x0000000700000000,0x0000000700000000,0x000000070aa80000)
 PSPermGen       total 21504K, used 8472K [0x00000006fae00000, 0x00000006fc300000, 0x0000000700000000)
  object space 21504K, 39% used [0x00000006fae00000,0x00000006fb646008,0x00000006fc300000)
Event: 1.881 GC heap after
Heap after GC invocations=1 (full 0):
 PSYoungGen      total 76800K, used 5420K [0x00000007aaa80000, 0x00000007b0000000, 0x0000000800000000)
  eden space 66048K, 0% used [0x00000007aaa80000,0x00000007aaa80000,0x00000007aeb00000)
  from space 10752K, 50% used [0x00000007aeb00000,0x00000007af04b250,0x00000007af580000)
  to   space 10752K, 0% used [0x00000007af580000,0x00000007af580000,0x00000007b0000000)
 ParOldGen       total 174592K, used 8K [0x0000000700000000, 0x000000070aa80000, 0x00000007aaa80000)
  object space 174592K, 0% used [0x0000000700000000,0x0000000700002000,0x000000070aa80000)
 PSPermGen       total 21504K, used 8472K [0x00000006fae00000, 0x00000006fc300000, 0x0000000700000000)
  object space 21504K, 39% used [0x00000006fae00000,0x00000006fb646008,0x00000006fc300000)
}
Event: 2.973 GC heap before
{Heap before GC invocations=2 (full 0):
 PSYoungGen      total 76800K, used 71468K [0x00000007aaa80000, 0x00000007b0000000, 0x0000000800000000)
  eden space 66048K, 100% used [0x00000007aaa80000,0x00000007aeb00000,0x00000007aeb00000)
  from space 10752K, 50% used [0x00000007aeb00000,0x00000007af04b250,0x00000007af580000)
  to   space 10752K, 0% used [0x00000007af580000,0x00000007af580000,0x00000007b0000000)
 ParOldGen       total 174592K, used 8K [0x0000000700000000, 0x000000070aa80000, 0x00000007aaa80000)
  object space 174592K, 0% used [0x0000000700000000,0x0000000700002000,0x000000070aa80000)
 PSPermGen       total 21504K, used 19389K [0x00000006fae00000, 0x00000006fc300000, 0x0000000700000000)
  object space 21504K, 90% used [0x00000006fae00000,0x00000006fc0ef738,0x00000006fc300000)
Event: 2.991 GC heap after
Heap after GC invocations=2 (full 0):
 PSYoungGen      total 76800K, used 10741K [0x00000007aaa80000, 0x00000007b4080000, 0x0000000800000000)
  eden space 66048K, 0% used [0x00000007aaa80000,0x00000007aaa80000,0x00000007aeb00000)
  from space 10752K, 99% used [0x00000007af580000,0x00000007afffd528,0x00000007b0000000)
  to   space 10752K, 0% used [0x00000007aeb00000,0x00000007aeb00000,0x00000007af580000)
 ParOldGen       total 174592K, used 1206K [0x0000000700000000, 0x000000070aa80000, 0x00000007aaa80000)
  object space 174592K, 0% used [0x0000000700000000,0x000000070012da50,0x000000070aa80000)
 PSPermGen       total 21504K, used 19389K [0x00000006fae00000, 0x00000006fc300000, 0x0000000700000000)
  object space 21504K, 90% used [0x00000006fae00000,0x00000006fc0ef738,0x00000006fc300000)
}
Event: 3.740 GC heap before
{Heap before GC invocations=3 (full 0):
 PSYoungGen      total 76800K, used 76789K [0x00000007aaa80000, 0x00000007b4080000, 0x0000000800000000)
  eden space 66048K, 100% used [0x00000007aaa80000,0x00000007aeb00000,0x00000007aeb00000)
  from space 10752K, 99% used [0x00000007af580000,0x00000007afffd528,0x00000007b0000000)
  to   space 10752K, 0% used [0x00000007aeb00000,0x00000007aeb00000,0x00000007af580000)
 ParOldGen       total 174592K, used 1206K [0x0000000700000000, 0x000000070aa80000, 0x00000007aaa80000)
  object space 174592K, 0% used [0x0000000700000000,0x000000070012da50,0x000000070aa80000)
 PSPermGen       total 21504K, used 20469K [0x00000006fae00000, 0x00000006fc300000, 0x0000000700000000)
  object space 21504K, 95% used [0x00000006fae00000,0x00000006fc1fd418,0x00000006fc300000)
Event: 3.752 GC heap after
Heap after GC invocations=3 (full 0):
 PSYoungGen      total 76800K, used 8027K [0x00000007aaa80000, 0x00000007b4080000, 0x0000000800000000)
  eden space 66048K, 0% used [0x00000007aaa80000,0x00000007aaa80000,0x00000007aeb00000)
  from space 10752K, 74% used [0x00000007aeb00000,0x00000007af2d6d20,0x00000007af580000)
  to   space 10752K, 0% used [0x00000007b3600000,0x00000007b3600000,0x00000007b4080000)
 ParOldGen       total 174592K, used 1214K [0x0000000700000000, 0x000000070aa80000, 0x00000007aaa80000)
  object space 174592K, 0% used [0x0000000700000000,0x000000070012fa50,0x000000070aa80000)
 PSPermGen       total 21504K, used 20469K [0x00000006fae00000, 0x00000006fc300000, 0x0000000700000000)
  object space 21504K, 95% used [0x00000006fae00000,0x00000006fc1fd418,0x00000006fc300000)
}
Event: 4.812 GC heap before
{Heap before GC invocations=4 (full 0):
 PSYoungGen      total 76800K, used 74075K [0x00000007aaa80000, 0x00000007b4080000, 0x0000000800000000)
  eden space 66048K, 100% used [0x00000007aaa80000,0x00000007aeb00000,0x00000007aeb00000)
  from space 10752K, 74% used [0x00000007aeb00000,0x00000007af2d6d20,0x00000007af580000)
  to   space 10752K, 0% used [0x00000007b3600000,0x00000007b3600000,0x00000007b4080000)
 ParOldGen       total 174592K, used 1214K [0x0000000700000000, 0x000000070aa80000, 0x00000007aaa80000)
  object space 174592K, 0% used [0x0000000700000000,0x000000070012fa50,0x000000070aa80000)
 PSPermGen       total 23552K, used 23403K [0x00000006fae00000, 0x00000006fc500000, 0x0000000700000000)
  object space 23552K, 99% used [0x00000006fae00000,0x00000006fc4dac38,0x00000006fc500000)
Event: 4.829 GC heap after
Heap after GC invocations=4 (full 0):
 PSYoungGen      total 142848K, used 10526K [0x00000007aaa80000, 0x00000007b4080000, 0x0000000800000000)
  eden space 132096K, 0% used [0x00000007aaa80000,0x00000007aaa80000,0x00000007b2b80000)
  from space 10752K, 97% used [0x00000007b3600000,0x00000007b40478a8,0x00000007b4080000)
  to   space 10752K, 0% used [0x00000007b2b80000,0x00000007b2b80000,0x00000007b3600000)
 ParOldGen       total 174592K, used 1222K [0x0000000700000000, 0x000000070aa80000, 0x00000007aaa80000)
  object space 174592K, 0% used [0x0000000700000000,0x0000000700131a50,0x000000070aa80000)
 PSPermGen       total 23552K, used 23403K [0x00000006fae00000, 0x00000006fc500000, 0x0000000700000000)
  object space 23552K, 99% used [0x00000006fae00000,0x00000006fc4dac38,0x00000006fc500000)
}
Event: 6.458 GC heap before
{Heap before GC invocations=5 (full 0):
 PSYoungGen      total 142848K, used 142622K [0x00000007aaa80000, 0x00000007b4080000, 0x0000000800000000)
  eden space 132096K, 100% used [0x00000007aaa80000,0x00000007b2b80000,0x00000007b2b80000)
  from space 10752K, 97% used [0x00000007b3600000,0x00000007b40478a8,0x00000007b4080000)
  to   space 10752K, 0% used [0x00000007b2b80000,0x00000007b2b80000,0x00000007b3600000)
 ParOldGen       total 174592K, used 1222K [0x0000000700000000, 0x000000070aa80000, 0x00000007aaa80000)
  object space 174592K, 0% used [0x0000000700000000,0x0000000700131a50,0x000000070aa80000)
 PSPermGen       total 29184K, used 28933K [0x00000006fae00000, 0x00000006fca80000, 0x0000000700000000)
  object space 29184K, 99% used [0x00000006fae00000,0x00000006fca416c0,0x00000006fca80000)
Event: 6.495 GC heap after
Heap after GC invocations=5 (full 0):
 PSYoungGen      total 142848K, used 10736K [0x00000007aaa80000, 0x00000007bd180000, 0x0000000800000000)
  eden space 132096K, 0% used [0x00000007aaa80000,0x00000007aaa80000,0x00000007b2b80000)
  from space 10752K, 99% used [0x00000007b2b80000,0x00000007b35fc300,0x00000007b3600000)
  to   space 18944K, 0% used [0x00000007bbf00000,0x00000007bbf00000,0x00000007bd180000)
 ParOldGen       total 174592K, used 8976K [0x0000000700000000, 0x000000070aa80000, 0x00000007aaa80000)
  object space 174592K, 5% used [0x0000000700000000,0x00000007008c43d8,0x000000070aa80000)
 PSPermGen       total 29184K, used 28933K [0x00000006fae00000, 0x00000006fca80000, 0x0000000700000000)
  object space 29184K, 99% used [0x00000006fae00000,0x00000006fca416c0,0x00000006fca80000)
}

